Sep-03-23 16:30:34: INFO - *****Beginning Log*****
Sep-03-23 16:30:34: INFO - Function setup started.
Sep-03-23 16:30:34: INFO - Function setup took 0.08279629999999993 seconds.
Sep-03-23 16:30:34: INFO - Function scrape started.
Sep-03-23 16:30:39: INFO - Function scrape took 4.8304836 seconds.
Sep-03-23 16:30:39: INFO - Function scrape started.
Sep-03-23 16:30:42: INFO - Function scrape took 2.9183839999999996 seconds.
Sep-03-23 16:30:42: INFO - Function scrape started.
Sep-03-23 16:30:45: INFO - Function scrape took 3.1140363000000004 seconds.
Sep-03-23 16:30:45: INFO - Function scrape started.
Sep-03-23 16:30:52: INFO - Function scrape took 6.781651699999999 seconds.
Sep-03-23 16:30:52: INFO - Function scrape started.
Sep-03-23 16:30:55: INFO - Function scrape took 2.8688389 seconds.
Sep-03-23 16:30:55: INFO - Function scrape started.
Sep-03-23 16:30:57: INFO - Function scrape took 2.0985036999999984 seconds.
Sep-03-23 16:30:57: INFO - Function scrape started.
Sep-03-23 16:31:00: INFO - Function scrape took 2.9876895999999995 seconds.
Sep-03-23 16:31:00: INFO - Function scrape started.
Sep-03-23 16:31:02: INFO - Function scrape took 2.456085699999999 seconds.
Sep-03-23 16:31:02: INFO - Function scrape started.
Sep-03-23 16:31:05: INFO - Function scrape took 2.5466695 seconds.
Sep-03-23 16:31:05: INFO - Function scrape started.
Sep-03-23 16:31:08: INFO - Function scrape took 3.293075799999997 seconds.
Sep-03-23 16:31:08: INFO - Function scrape started.
Sep-03-23 16:31:11: INFO - Function scrape took 2.4477613999999974 seconds.
Sep-03-23 16:31:11: INFO - Function scrape started.
Sep-03-23 16:31:13: INFO - Function scrape took 2.176176699999999 seconds.
Sep-03-23 16:31:13: INFO - Function scrape started.
Sep-03-23 16:31:17: INFO - Function scrape took 3.8569776000000005 seconds.
Sep-03-23 16:31:17: INFO - Function scrape started.
Sep-03-23 16:31:18: INFO - Function scrape took 1.8155907000000013 seconds.
Sep-03-23 16:31:18: INFO - Function scrape started.
Sep-03-23 16:31:21: INFO - Function scrape took 2.195038099999998 seconds.
Sep-03-23 16:31:21: INFO - Function scrape started.
Sep-03-23 16:31:23: INFO - Function scrape took 2.4736679000000024 seconds.
Sep-03-23 16:31:23: INFO - Function scrape started.
Sep-03-23 16:31:25: INFO - Function scrape took 2.143196500000002 seconds.
Sep-03-23 16:31:25: INFO - Function scrape started.
Sep-03-23 16:31:29: INFO - Function scrape took 3.5251380999999995 seconds.
Sep-03-23 16:31:29: INFO - Function scrape started.
Sep-03-23 16:31:32: INFO - Function scrape took 3.469988899999997 seconds.
Sep-03-23 16:31:32: INFO - Function scrape started.
Sep-03-23 16:31:35: INFO - Function scrape took 2.4680198000000004 seconds.
Sep-03-23 16:31:35: INFO - Function scrape started.
Sep-03-23 16:31:38: INFO - Function scrape took 3.160847899999993 seconds.
Sep-03-23 16:31:38: INFO - Function scrape started.
Sep-03-23 16:31:40: INFO - Function scrape took 2.457862800000001 seconds.
Sep-03-23 16:31:40: INFO - Function scrape started.
Sep-03-23 16:31:43: INFO - Function scrape took 2.4049538999999953 seconds.
Sep-03-23 16:31:43: INFO - Function scrape started.
Sep-03-23 16:31:45: INFO - Function scrape took 2.773269599999992 seconds.
Sep-03-23 16:31:45: INFO - Function scrape started.
Sep-03-23 16:31:48: INFO - Function scrape took 2.0931077000000045 seconds.
Sep-03-23 16:31:48: INFO - Function scrape started.
Sep-03-23 16:31:50: INFO - Function scrape took 2.874779900000007 seconds.
Sep-03-23 16:31:50: INFO - Function scrape started.
Sep-03-23 16:31:53: INFO - Function scrape took 2.5264985999999965 seconds.
Sep-03-23 16:31:53: INFO - Function scrape started.
Sep-03-23 16:31:55: INFO - Function scrape took 2.463453400000006 seconds.
Sep-03-23 16:31:55: INFO - Function scrape started.
Sep-03-23 16:31:58: INFO - Function scrape took 2.668222600000007 seconds.
Sep-03-23 16:31:58: INFO - Function scrape started.
Sep-03-23 16:32:01: INFO - Function scrape took 2.5024957999999913 seconds.
Sep-03-23 16:32:01: INFO - Function scrape started.
Sep-03-23 16:32:03: INFO - Function scrape took 2.1781720999999976 seconds.
Sep-03-23 16:32:03: INFO - Function scrape started.
Sep-03-23 16:32:06: INFO - Function scrape took 3.3689920000000058 seconds.
Sep-03-23 16:32:06: INFO - Function scrape started.
Sep-03-23 16:32:09: INFO - Function scrape took 2.4758573000000013 seconds.
Sep-03-23 16:32:09: INFO - Function scrape started.
Sep-03-23 16:32:11: INFO - Function scrape took 2.6494445000000013 seconds.
Sep-03-23 16:32:11: INFO - Function scrape started.
Sep-03-23 16:32:14: INFO - Function scrape took 2.7697710000000058 seconds.
Sep-03-23 16:32:14: INFO - Function scrape started.
Sep-03-23 16:32:17: INFO - Function scrape took 2.5145892999999973 seconds.
Sep-03-23 16:32:17: INFO - Function scrape started.
Sep-03-23 16:32:19: INFO - Function scrape took 1.999187599999999 seconds.
Sep-03-23 16:32:19: INFO - Function scrape started.
Sep-03-23 16:32:21: INFO - Function scrape took 2.082690900000003 seconds.
Sep-03-23 16:32:21: INFO - Function scrape started.
Sep-03-23 16:32:23: INFO - Function scrape took 2.102120400000004 seconds.
Sep-03-23 16:32:23: INFO - Function scrape started.
Sep-03-23 16:32:25: INFO - Function scrape took 2.323804199999998 seconds.
Sep-03-23 16:32:25: INFO - Function scrape started.
Sep-03-23 16:32:27: INFO - Function scrape took 2.1398595 seconds.
Sep-03-23 16:32:27: INFO - Function scrape started.
Sep-03-23 16:32:30: INFO - Function scrape took 2.3698969000000005 seconds.
Sep-03-23 16:32:30: INFO - Function scrape started.
Sep-03-23 16:32:32: INFO - Function scrape took 2.6170345000000026 seconds.
Sep-03-23 16:32:32: INFO - Function scrape started.
Sep-03-23 16:32:35: INFO - Function scrape took 2.175110899999993 seconds.
Sep-03-23 16:32:35: INFO - Function scrape started.
Sep-03-23 16:32:37: INFO - Function scrape took 2.1737276000000065 seconds.
Sep-03-23 16:32:37: INFO - Function scrape started.
Sep-03-23 16:32:39: INFO - Function scrape took 2.5038913000000065 seconds.
Sep-03-23 16:32:39: INFO - Function scrape started.
Sep-03-23 16:32:42: INFO - Function scrape took 3.0826509000000044 seconds.
Sep-03-23 16:32:42: INFO - Function scrape started.
Sep-03-23 16:32:46: INFO - Function scrape took 3.528365100000002 seconds.
Sep-03-23 16:32:46: INFO - Function scrape started.
Sep-03-23 16:32:48: INFO - Function scrape took 2.2410077000000115 seconds.
Sep-03-23 16:32:48: INFO - Function scrape started.
Sep-03-23 16:32:50: INFO - Function scrape took 2.159015199999999 seconds.
Sep-03-23 16:32:50: INFO - Function scrape started.
Sep-03-23 16:32:52: INFO - Function scrape took 2.1562859000000003 seconds.
Sep-03-23 16:32:52: INFO - Function scrape started.
Sep-03-23 16:32:55: INFO - Function scrape took 2.231031100000024 seconds.
Sep-03-23 16:32:55: INFO - Function scrape started.
Sep-03-23 16:32:58: INFO - Function scrape took 3.3348914999999977 seconds.
Sep-03-23 16:32:58: INFO - Function scrape started.
Sep-03-23 16:33:00: INFO - Function scrape took 2.1504148000000214 seconds.
Sep-03-23 16:33:00: INFO - Function scrape started.
Sep-03-23 16:33:03: INFO - Function scrape took 2.783214000000015 seconds.
Sep-03-23 16:33:03: INFO - Function scrape started.
Sep-03-23 16:33:05: INFO - Function scrape took 2.095491199999998 seconds.
Sep-03-23 16:33:05: INFO - Function scrape started.
Sep-03-23 16:33:07: INFO - Function scrape took 2.015521800000016 seconds.
Sep-03-23 16:33:07: INFO - Function scrape started.
Sep-03-23 16:33:09: INFO - Function scrape took 2.207001599999984 seconds.
Sep-03-23 16:33:09: INFO - Function scrape started.
Sep-03-23 16:33:12: INFO - Function scrape took 2.5708563999999967 seconds.
Sep-03-23 16:33:12: INFO - Function scrape started.
Sep-03-23 16:33:14: INFO - Function scrape took 1.784112499999992 seconds.
Sep-03-23 16:33:14: INFO - Function scrape started.
Sep-03-23 16:33:16: INFO - Function scrape took 2.135750999999999 seconds.
Sep-03-23 16:33:16: INFO - Function scrape started.
Sep-03-23 16:33:19: INFO - Function scrape took 2.807912200000004 seconds.
Sep-03-23 16:33:19: INFO - Function scrape started.
Sep-03-23 16:33:21: INFO - Function scrape took 2.0601046999999824 seconds.
Sep-03-23 16:33:21: INFO - Function scrape started.
Sep-03-23 16:33:23: INFO - Function scrape took 2.336920399999997 seconds.
Sep-03-23 16:33:23: INFO - Function scrape started.
Sep-03-23 16:33:25: INFO - Function scrape took 2.122682900000001 seconds.
Sep-03-23 16:33:25: INFO - Function scrape started.
Sep-03-23 16:33:28: INFO - Function scrape took 2.3312071000000003 seconds.
Sep-03-23 16:33:28: INFO - Function scrape started.
Sep-03-23 16:33:29: INFO - Function scrape took 1.8502400000000137 seconds.
Sep-03-23 16:33:29: INFO - Function scrape started.
Sep-03-23 16:33:32: INFO - Function scrape took 2.1896070999999893 seconds.
Sep-03-23 16:33:32: INFO - Function scrape started.
Sep-03-23 16:33:34: INFO - Function scrape took 2.301605599999988 seconds.
Sep-03-23 16:33:34: INFO - Function scrape started.
Sep-03-23 16:33:37: INFO - Function scrape took 2.5935393000000033 seconds.
Sep-03-23 16:33:37: INFO - Function scrape started.
Sep-03-23 16:33:39: INFO - Function scrape took 2.1403217000000154 seconds.
Sep-03-23 16:33:39: INFO - Function scrape started.
Sep-03-23 16:33:41: INFO - Function scrape took 2.4073266999999987 seconds.
Sep-03-23 16:33:41: INFO - Function scrape started.
Sep-03-23 16:33:44: INFO - Function scrape took 2.6313829000000055 seconds.
Sep-03-23 16:33:44: INFO - Function scrape started.
Sep-03-23 16:33:46: INFO - Function scrape took 2.1398556999999983 seconds.
Sep-03-23 16:33:46: INFO - Function scrape started.
Sep-03-23 16:33:48: INFO - Function scrape took 2.6136836000000017 seconds.
Sep-03-23 16:33:49: INFO - Function scrape started.
Sep-03-23 16:33:51: INFO - Function scrape took 2.244168299999984 seconds.
Sep-03-23 16:33:51: INFO - Function scrape started.
Sep-03-23 16:33:54: INFO - Function scrape took 3.4139412000000107 seconds.
Sep-03-23 16:33:54: INFO - Function scrape started.
Sep-03-23 16:33:56: INFO - Function scrape took 2.301825000000008 seconds.
Sep-03-23 16:33:57: INFO - Function scrape started.
Sep-03-23 16:33:58: INFO - Function scrape took 1.8424680999999907 seconds.
Sep-03-23 16:33:58: INFO - Function scrape started.
Sep-03-23 16:34:01: INFO - Function scrape took 2.6535499999999956 seconds.
Sep-03-23 16:34:01: INFO - Function scrape started.
Sep-03-23 16:34:05: INFO - Function scrape took 3.569587599999977 seconds.
Sep-03-23 16:34:05: INFO - Function scrape started.
Sep-03-23 16:34:07: INFO - Function scrape took 2.2304274999999905 seconds.
Sep-03-23 16:34:07: INFO - Function scrape started.
Sep-03-23 16:34:11: INFO - Function scrape took 3.708873000000011 seconds.
Sep-03-23 16:34:11: INFO - Function scrape started.
Sep-03-23 16:34:13: INFO - Function scrape took 1.9402583000000106 seconds.
Sep-03-23 16:34:13: INFO - Function scrape started.
Sep-03-23 16:34:15: INFO - Function scrape took 2.784938299999993 seconds.
Sep-03-23 16:34:15: INFO - Function scrape started.
Sep-03-23 16:34:17: INFO - Function scrape took 2.1582459999999912 seconds.
Sep-03-23 16:34:17: INFO - Function scrape started.
Sep-03-23 16:34:21: INFO - Function scrape took 3.3125795999999923 seconds.
Sep-03-23 16:34:21: INFO - Function scrape started.
Sep-03-23 16:34:23: INFO - Function scrape took 1.9117724999999837 seconds.
Sep-03-23 16:34:23: INFO - Function scrape started.
Sep-03-23 16:34:25: INFO - Function scrape took 1.96345740000001 seconds.
Sep-03-23 16:34:25: INFO - Function scrape started.
Sep-03-23 16:34:26: INFO - Function scrape took 1.6493219999999837 seconds.
Sep-03-23 16:34:26: INFO - Function scrape started.
Sep-03-23 16:34:29: INFO - Function scrape took 2.2212834000000043 seconds.
Sep-03-23 16:34:29: INFO - Function scrape started.
Sep-03-23 16:34:31: INFO - Function scrape took 2.3281543000000227 seconds.
Sep-03-23 16:34:31: INFO - Function scrape started.
Sep-03-23 16:34:34: INFO - Function scrape took 2.702842000000004 seconds.
Sep-03-23 16:34:34: INFO - Function scrape started.
Sep-03-23 16:34:37: INFO - Function scrape took 2.9367162000000064 seconds.
Sep-03-23 16:34:37: INFO - Function scrape started.
Sep-03-23 16:34:38: INFO - Function scrape took 1.7518074000000183 seconds.
Sep-03-23 16:34:38: INFO - Function scrape started.
Sep-03-23 16:34:40: INFO - Function scrape took 1.72405040000001 seconds.
Sep-03-23 16:34:40: INFO - Function scrape started.
Sep-03-23 16:34:44: INFO - Function scrape took 3.7050634000000002 seconds.
Sep-03-23 16:34:44: INFO - Function scrape started.
Sep-03-23 16:34:46: INFO - Function scrape took 1.6407305000000179 seconds.
Sep-03-23 16:34:46: INFO - Function scrape started.
Sep-03-23 16:34:48: INFO - Function scrape took 2.0303691000000015 seconds.
Sep-03-23 16:34:48: INFO - Function scrape started.
Sep-03-23 16:34:48: WARNING - HTTPS ERROR: https://www.redfin.com/zipcode/85288/filter/include=sold-3yr could not be found.
Sep-03-23 16:34:48: WARNING - HTTPS ERROR: API link for https://www.redfin.com/zipcode/85288/filter/include=sold-3yr could not be found.
Sep-03-23 16:34:48: INFO - Function scrape took 0.3127492999999788 seconds.
Sep-03-23 16:34:48: INFO - Function scrape started.
Sep-03-23 16:34:50: INFO - Function scrape took 2.2875429000000054 seconds.
Sep-03-23 16:34:50: INFO - Function scrape started.
Sep-03-23 16:34:53: INFO - Function scrape took 2.6708753000000343 seconds.
Sep-03-23 16:34:53: INFO - Function scrape started.
Sep-03-23 16:34:56: INFO - Function scrape took 2.7932837999999833 seconds.
Sep-03-23 16:34:56: INFO - Function scrape started.
Sep-03-23 16:34:58: INFO - Function scrape took 2.3533173000000147 seconds.
Sep-03-23 16:34:58: INFO - Function scrape started.
Sep-03-23 16:35:00: INFO - Function scrape took 1.8523167999999828 seconds.
Sep-03-23 16:35:00: INFO - Function scrape started.
Sep-03-23 16:35:03: INFO - Function scrape took 3.07962660000004 seconds.
Sep-03-23 16:35:03: INFO - Function scrape started.
Sep-03-23 16:35:05: INFO - Function scrape took 1.7282696000000328 seconds.
Sep-03-23 16:35:05: INFO - Function scrape started.
Sep-03-23 16:35:07: INFO - Function scrape took 1.8854785000000334 seconds.
Sep-03-23 16:35:07: INFO - Function scrape started.
Sep-03-23 16:35:10: INFO - Function scrape took 3.316291500000034 seconds.
Sep-03-23 16:35:10: INFO - Function scrape started.
Sep-03-23 16:35:12: INFO - Function scrape took 2.3588314000000423 seconds.
Sep-03-23 16:35:12: INFO - Function scrape started.
Sep-03-23 16:35:15: INFO - Function scrape took 2.4494546999999898 seconds.
Sep-03-23 16:35:15: INFO - Function scrape started.
Sep-03-23 16:35:18: INFO - Function scrape took 2.765640699999949 seconds.
Sep-03-23 16:35:18: INFO - Function scrape started.
Sep-03-23 16:35:20: INFO - Function scrape took 2.662330200000042 seconds.
Sep-03-23 16:35:20: INFO - Function scrape started.
Sep-03-23 16:35:23: INFO - Function scrape took 2.287489999999991 seconds.
Sep-03-23 16:35:23: INFO - Function scrape started.
Sep-03-23 16:35:25: INFO - Function scrape took 1.9402828999999997 seconds.
Sep-03-23 16:35:25: INFO - Function scrape started.
Sep-03-23 16:35:27: INFO - Function scrape took 1.9327453999999875 seconds.
Sep-03-23 16:35:27: INFO - Function scrape started.
Sep-03-23 16:35:29: INFO - Function scrape took 2.1178674999999885 seconds.
Sep-03-23 16:35:29: INFO - Function scrape started.
Sep-03-23 16:35:31: INFO - Function scrape took 2.003567799999985 seconds.
Sep-03-23 16:35:31: INFO - Function scrape started.
Sep-03-23 16:35:33: INFO - Function scrape took 2.3946902999999793 seconds.
Sep-03-23 16:35:33: INFO - Function scrape started.
Sep-03-23 16:35:35: INFO - Function scrape took 1.9215664000000174 seconds.
Sep-03-23 16:35:35: INFO - Function scrape started.
Sep-03-23 16:35:38: INFO - Function scrape took 2.843228099999976 seconds.
Sep-03-23 16:35:38: INFO - Function scrape started.
Sep-03-23 16:35:41: INFO - Function scrape took 2.992400400000008 seconds.
Sep-03-23 16:35:41: INFO - Function scrape started.
Sep-03-23 16:35:42: WARNING - HTTPS ERROR: API link for https://www.redfin.com/zipcode/85256/filter/include=sold-3yr could not be found.
Sep-03-23 16:35:42: INFO - Function scrape took 0.6770865000000299 seconds.
Sep-03-23 16:35:42: INFO - Function scrape started.
Sep-03-23 16:35:43: INFO - Function scrape took 1.2278916000000208 seconds.
Sep-03-23 16:35:43: INFO - Function scrape started.
Sep-03-23 16:35:44: INFO - Function scrape took 1.5530720000000429 seconds.
Sep-03-23 16:35:44: INFO - Function scrape started.
Sep-03-23 16:35:46: INFO - Function scrape took 1.944743200000005 seconds.
Sep-03-23 16:35:46: INFO - Function scrape started.
Sep-03-23 16:35:48: INFO - Function scrape took 2.004460800000004 seconds.
Sep-03-23 16:35:48: INFO - Function scrape started.
Sep-03-23 16:35:50: WARNING - HTTPS ERROR: API link for https://www.redfin.com/zipcode/85321/filter/include=sold-3yr could not be found.
Sep-03-23 16:35:50: INFO - Function scrape took 1.0999244000000203 seconds.
Sep-03-23 16:35:50: INFO - Function scrape started.
Sep-03-23 16:35:51: INFO - Function scrape took 1.6315139999999815 seconds.
Sep-03-23 16:35:51: INFO - Function scrape started.
Sep-03-23 16:35:53: INFO - Function scrape took 2.0619236999999657 seconds.
Sep-03-23 16:35:53: INFO - Function scrape started.
Sep-03-23 16:35:54: INFO - Function scrape took 1.1794257000000243 seconds.
Sep-03-23 16:35:54: INFO - Function scrape started.
Sep-03-23 16:35:56: INFO - Function scrape took 1.7966271000000233 seconds.
Sep-03-23 16:35:56: INFO - Function scrape started.
Sep-03-23 16:35:58: INFO - Function scrape took 2.1032973000000084 seconds.
Sep-03-23 16:35:58: INFO - Function scrape started.
Sep-03-23 16:36:00: INFO - Function scrape took 1.8290852000000086 seconds.
Sep-03-23 16:36:00: INFO - Function scrape started.
Sep-03-23 16:36:01: INFO - Function scrape took 0.8198269000000096 seconds.
Sep-03-23 16:36:01: INFO - Function scrape started.
Sep-03-23 16:36:03: INFO - Function scrape took 1.387848599999984 seconds.
Sep-03-23 16:36:03: INFO - Function scrape started.
Sep-03-23 16:36:03: INFO - Function scrape took 0.9209146000000032 seconds.
Sep-03-23 16:36:03: INFO - Function scrape started.
Sep-03-23 16:36:04: INFO - Function scrape took 0.6665652000000364 seconds.
Sep-03-23 16:36:04: INFO - Function scrape started.
Sep-03-23 16:36:06: INFO - Function scrape took 1.3469372000000135 seconds.
Sep-03-23 16:36:06: INFO - Function scrape started.
Sep-03-23 16:36:06: WARNING - HTTPS ERROR: API link for https://www.redfin.com/zipcode/85287/filter/include=sold-3yr could not be found.
Sep-03-23 16:36:06: INFO - Function scrape took 0.5323265000000106 seconds.
Sep-03-23 16:36:06: INFO - Function scrape started.
Sep-03-23 16:36:07: INFO - Function scrape took 1.0075581000000398 seconds.
Sep-03-23 16:36:07: INFO - Function scrape started.
Sep-03-23 16:36:09: INFO - Function scrape took 1.7186578999999824 seconds.
Sep-03-23 16:36:09: INFO - Function scrape started.
Sep-03-23 16:36:12: INFO - Function scrape took 2.673983200000009 seconds.
Sep-03-23 16:36:12: INFO - Function scrape started.
Sep-03-23 16:36:13: INFO - Function scrape took 1.145802500000002 seconds.
Sep-03-23 16:36:13: INFO - Function scrape started.
Sep-03-23 16:36:14: INFO - Function scrape took 1.4798842999999806 seconds.
Sep-03-23 16:36:14: INFO - Function scrape started.
Sep-03-23 16:36:16: INFO - Function scrape took 1.652172500000006 seconds.
Sep-03-23 16:36:16: INFO - Function scrape started.
Sep-03-23 16:36:16: WARNING - HTTPS ERROR: https://www.redfin.com/zipcode/85097/filter/include=sold-3yr could not be found.
Sep-03-23 16:36:16: WARNING - HTTPS ERROR: API link for https://www.redfin.com/zipcode/85097/filter/include=sold-3yr could not be found.
Sep-03-23 16:36:16: INFO - Function scrape took 0.323155799999995 seconds.
Sep-03-23 16:36:16: INFO - Function scrape started.
Sep-03-23 16:36:18: INFO - Function scrape took 1.7675111000000356 seconds.
Sep-03-23 16:36:18: INFO - Function scrape started.
Sep-03-23 16:36:18: WARNING - HTTPS ERROR: https://www.redfin.com/zipcode/85096/filter/include=sold-3yr could not be found.
Sep-03-23 16:36:18: WARNING - HTTPS ERROR: API link for https://www.redfin.com/zipcode/85096/filter/include=sold-3yr could not be found.
Sep-03-23 16:36:18: INFO - Function scrape took 0.36953320000003487 seconds.
Sep-03-23 16:36:18: INFO - Function scrape started.
Sep-03-23 16:36:19: WARNING - HTTPS ERROR: API link for https://www.redfin.com/zipcode/85290/filter/include=sold-3yr could not be found.
Sep-03-23 16:36:19: INFO - Function scrape took 0.4758210999999619 seconds.
Sep-03-23 16:36:19: INFO - Function scrape started.
Sep-03-23 16:36:40: INFO - Function scrape took 20.8905173 seconds.
Sep-03-23 16:36:40: INFO - Function scrape started.
Sep-03-23 16:36:42: INFO - Function scrape took 2.3527167000000304 seconds.
Sep-03-23 16:36:42: INFO - Function scrape started.
Sep-03-23 16:36:44: INFO - Function scrape took 1.8943369000000416 seconds.
Sep-03-23 16:36:44: INFO - Function scrape started.
Sep-03-23 16:36:45: INFO - Function scrape took 0.7363202999999885 seconds.
Sep-03-23 16:36:45: INFO - Function scrape started.
Sep-03-23 16:36:45: WARNING - HTTPS ERROR: API link for https://www.redfin.com/zipcode/85376/filter/include=sold-3yr could not be found.
Sep-03-23 16:36:45: INFO - Function scrape took 0.3824561999999787 seconds.
Sep-03-23 16:36:45: INFO - Function scrape started.
Sep-03-23 16:36:46: INFO - Function scrape took 0.7714110000000005 seconds.
Sep-03-23 16:36:46: INFO - Function scrape started.
Sep-03-23 16:36:47: INFO - Function scrape took 0.9504739999999856 seconds.
Sep-03-23 16:36:47: INFO - Function scrape started.
Sep-03-23 16:36:48: INFO - Function scrape took 0.8788086999999791 seconds.
Sep-03-23 16:36:48: INFO - Function scrape started.
Sep-03-23 16:36:49: INFO - Function scrape took 0.6627208000000451 seconds.
Sep-03-23 16:36:49: INFO - Function scrape started.
Sep-03-23 16:36:51: INFO - Function scrape took 2.219652599999961 seconds.
Sep-03-23 16:36:51: INFO - Function scrape started.
Sep-03-23 16:36:52: WARNING - HTTPS ERROR: API link for https://www.redfin.com/zipcode/85277/filter/include=sold-3yr could not be found.
Sep-03-23 16:36:52: INFO - Function scrape took 0.6430627999999956 seconds.
Sep-03-23 16:36:52: INFO - Function scrape started.
Sep-03-23 16:36:52: WARNING - HTTPS ERROR: API link for https://www.redfin.com/zipcode/85280/filter/include=sold-3yr could not be found.
Sep-03-23 16:36:52: INFO - Function scrape took 0.3778062000000091 seconds.
Sep-03-23 16:36:52: INFO - Function scrape started.
Sep-03-23 16:36:53: INFO - Function scrape took 0.8793754000000149 seconds.
Sep-03-23 16:36:53: INFO - Function scrape started.
Sep-03-23 16:36:54: INFO - Function scrape took 0.974321400000008 seconds.
Sep-03-23 16:36:54: INFO - Function scrape started.
Sep-03-23 16:36:54: WARNING - HTTPS ERROR: API link for https://www.redfin.com/zipcode/85311/filter/include=sold-3yr could not be found.
Sep-03-23 16:36:54: INFO - Function scrape took 0.46488889999994853 seconds.
Sep-03-23 16:36:54: INFO - Function scrape started.
Sep-03-23 16:36:55: INFO - Function scrape took 0.7190145000000143 seconds.
Sep-03-23 16:36:55: INFO - Function scrape started.
Sep-03-23 16:36:57: INFO - Function scrape took 1.5851187999999752 seconds.
Sep-03-23 16:36:57: INFO - Function scrape started.
Sep-03-23 16:36:58: INFO - Function scrape took 0.8970467999999983 seconds.
Sep-03-23 16:36:58: INFO - Function scrape started.
Sep-03-23 16:36:58: INFO - Function scrape took 0.795344 seconds.
Sep-03-23 16:36:58: INFO - Function scrape started.
Sep-03-23 16:36:59: INFO - Function scrape took 0.9995498000000111 seconds.
Sep-03-23 16:36:59: INFO - Function scrape started.
Sep-03-23 16:37:00: INFO - Function scrape took 0.7762314999999944 seconds.
Sep-03-23 16:37:00: INFO - Function scrape started.
Sep-03-23 16:37:01: WARNING - HTTPS ERROR: API link for https://www.redfin.com/zipcode/85082/filter/include=sold-3yr could not be found.
Sep-03-23 16:37:01: INFO - Function scrape took 0.4530399000000216 seconds.
Sep-03-23 16:37:01: INFO - Function scrape started.
Sep-03-23 16:37:01: WARNING - HTTPS ERROR: API link for https://www.redfin.com/zipcode/85211/filter/include=sold-3yr could not be found.
Sep-03-23 16:37:01: INFO - Function scrape took 0.42491019999999935 seconds.
Sep-03-23 16:37:01: INFO - Function scrape started.
Sep-03-23 16:37:03: INFO - Function scrape took 2.2000922000000287 seconds.
Sep-03-23 16:37:03: INFO - Function scrape started.
Sep-03-23 16:37:04: INFO - Function scrape took 0.7029474000000278 seconds.
Sep-03-23 16:37:04: INFO - Function scrape started.
Sep-03-23 16:37:07: INFO - Function scrape took 3.387273300000004 seconds.
Sep-03-23 16:37:07: INFO - Function scrape started.
Sep-03-23 16:37:08: WARNING - HTTPS ERROR: API link for https://www.redfin.com/zipcode/85244/filter/include=sold-3yr could not be found.
Sep-03-23 16:37:08: INFO - Function scrape took 0.47972519999996166 seconds.
Sep-03-23 16:37:08: INFO - Function scrape started.
Sep-03-23 16:37:08: WARNING - HTTPS ERROR: API link for https://www.redfin.com/zipcode/85246/filter/include=sold-3yr could not be found.
Sep-03-23 16:37:08: INFO - Function scrape took 0.49666799999999967 seconds.
Sep-03-23 16:37:08: INFO - Function scrape started.
Sep-03-23 16:37:09: INFO - Function scrape took 0.8535051999999723 seconds.
Sep-03-23 16:37:09: INFO - Function scrape started.
Sep-03-23 16:37:10: INFO - Function scrape took 0.9932003999999779 seconds.
Sep-03-23 16:37:10: INFO - Function scrape started.
Sep-03-23 16:37:11: INFO - Function scrape took 0.7663357000000133 seconds.
Sep-03-23 16:37:11: INFO - Function scrape started.
Sep-03-23 16:37:12: INFO - Function scrape took 0.7540478999999891 seconds.
Sep-03-23 16:37:12: INFO - Function scrape started.
Sep-03-23 16:37:12: WARNING - HTTPS ERROR: API link for https://www.redfin.com/zipcode/85001/filter/include=sold-3yr could not be found.
Sep-03-23 16:37:12: INFO - Function scrape took 0.3604729999999563 seconds.
Sep-03-23 16:37:12: INFO - Function scrape started.
Sep-03-23 16:37:14: INFO - Function scrape took 1.7152688000000467 seconds.
Sep-03-23 16:37:14: INFO - Function scrape started.
Sep-03-23 16:37:14: WARNING - HTTPS ERROR: API link for https://www.redfin.com/zipcode/85005/filter/include=sold-3yr could not be found.
Sep-03-23 16:37:14: INFO - Function scrape took 0.4156381999999894 seconds.
Sep-03-23 16:37:14: INFO - Function scrape started.
Sep-03-23 16:37:17: INFO - Function scrape took 2.6051965999999993 seconds.
Sep-03-23 16:37:17: INFO - Function scrape started.
Sep-03-23 16:37:19: INFO - Function scrape took 2.270977499999958 seconds.
Sep-03-23 16:37:19: INFO - Function scrape started.
Sep-03-23 16:37:20: WARNING - HTTPS ERROR: API link for https://www.redfin.com/zipcode/85026/filter/include=sold-3yr could not be found.
Sep-03-23 16:37:20: INFO - Function scrape took 0.516531499999985 seconds.
Sep-03-23 16:37:20: INFO - Function scrape started.
Sep-03-23 16:37:21: INFO - Function scrape took 1.4640918000000056 seconds.
Sep-03-23 16:37:21: INFO - Function scrape started.
Sep-03-23 16:37:22: WARNING - HTTPS ERROR: API link for https://www.redfin.com/zipcode/85036/filter/include=sold-3yr could not be found.
Sep-03-23 16:37:22: INFO - Function scrape took 0.5331912999999986 seconds.
Sep-03-23 16:37:22: INFO - Function scrape started.
Sep-03-23 16:37:24: INFO - Function scrape took 1.9164658000000259 seconds.
Sep-03-23 16:37:24: INFO - Function scrape started.
Sep-03-23 16:37:26: INFO - Function scrape took 1.7309778000000051 seconds.
Sep-03-23 16:37:26: INFO - Function scrape started.
Sep-03-23 16:37:28: INFO - Function scrape took 1.9046544999999924 seconds.
Sep-03-23 16:37:28: INFO - Function scrape started.
Sep-03-23 16:37:28: INFO - Function scrape took 0.753565999999978 seconds.
Sep-03-23 16:37:28: INFO - Function scrape started.
Sep-03-23 16:37:30: INFO - Function scrape took 1.7637917999999786 seconds.
Sep-03-23 16:37:30: INFO - Function scrape started.
Sep-03-23 16:37:32: INFO - Function scrape took 2.254550999999992 seconds.
Sep-03-23 16:37:32: INFO - Function scrape started.
Sep-03-23 16:37:33: INFO - Function scrape took 0.7879853000000026 seconds.
Sep-03-23 16:37:33: INFO - Function scrape started.
Sep-03-23 16:37:34: WARNING - HTTPS ERROR: API link for https://www.redfin.com/zipcode/85063/filter/include=sold-3yr could not be found.
Sep-03-23 16:37:34: INFO - Function scrape took 0.7040414999999598 seconds.
Sep-03-23 16:37:34: INFO - Function scrape started.
Sep-03-23 16:37:35: INFO - Function scrape took 0.7740964999999846 seconds.
Sep-03-23 16:37:35: INFO - Function scrape started.
Sep-03-23 16:37:36: INFO - Function scrape took 0.8867903000000297 seconds.
Sep-03-23 16:37:36: INFO - Function scrape started.
Sep-03-23 16:37:36: WARNING - HTTPS ERROR: API link for https://www.redfin.com/zipcode/85068/filter/include=sold-3yr could not be found.
Sep-03-23 16:37:36: INFO - Function scrape took 0.423423200000002 seconds.
Sep-03-23 16:37:36: INFO - Function scrape started.
Sep-03-23 16:37:37: WARNING - HTTPS ERROR: API link for https://www.redfin.com/zipcode/85067/filter/include=sold-3yr could not be found.
Sep-03-23 16:37:37: INFO - Function scrape took 0.5205409999999802 seconds.
Sep-03-23 16:37:37: INFO - Function scrape started.
Sep-03-23 16:37:37: INFO - Function scrape took 0.836311300000034 seconds.
Sep-03-23 16:37:37: INFO - Function scrape started.
Sep-03-23 16:37:38: WARNING - HTTPS ERROR: API link for https://www.redfin.com/zipcode/85069/filter/include=sold-3yr could not be found.
Sep-03-23 16:37:38: INFO - Function scrape took 0.4439793000000236 seconds.
Sep-03-23 16:37:38: INFO - Function scrape started.
Sep-03-23 16:37:40: INFO - Function scrape took 1.7590108999999643 seconds.
Sep-03-23 16:37:40: INFO - Function scrape started.
Sep-03-23 16:37:41: INFO - Function scrape took 0.8867551000000162 seconds.
Sep-03-23 16:37:41: INFO - Function scrape started.
Sep-03-23 16:37:42: INFO - Function scrape took 1.8106544000000326 seconds.
Sep-03-23 16:37:42: INFO - Function scrape started.
Sep-03-23 16:37:44: INFO - Function scrape took 1.2903738999999632 seconds.
Sep-03-23 16:37:44: INFO - Function scrape started.
Sep-03-23 16:37:44: WARNING - HTTPS ERROR: API link for https://www.redfin.com/zipcode/85076/filter/include=sold-3yr could not be found.
Sep-03-23 16:37:44: INFO - Function scrape took 0.5253422000000114 seconds.
Sep-03-23 16:37:44: INFO - Function scrape started.
Sep-03-23 16:37:46: INFO - Function scrape took 2.0838947000000303 seconds.
Sep-03-23 16:37:46: INFO - Function scrape started.
Sep-03-23 16:37:49: INFO - Function scrape took 2.335737399999971 seconds.
Sep-03-23 16:37:49: INFO - Function scrape started.
Sep-03-23 16:37:49: WARNING - HTTPS ERROR: API link for https://www.redfin.com/zipcode/85190/filter/include=sold-3yr could not be found.
Sep-03-23 16:37:49: INFO - Function scrape took 0.4317506000000435 seconds.
Sep-03-23 16:37:49: INFO - Function scrape started.
Sep-03-23 16:37:50: WARNING - HTTPS ERROR: https://www.redfin.com/zipcode/85127/filter/include=sold-3yr could not be found.
Sep-03-23 16:37:50: WARNING - HTTPS ERROR: API link for https://www.redfin.com/zipcode/85127/filter/include=sold-3yr could not be found.
Sep-03-23 16:37:50: INFO - Function scrape took 0.5210567999999967 seconds.
